app/build/intermediates/manifest_merge_blame_file/debug/manifest-merger-blame-debug-report.txt
1<?xml version="1.0" encoding="utf-8"?>
2<manifest xmlns:android="http://schemas.android.com/apk/res/android"
3    package="com.example.mutex"
4    android:versionCode="1"
5    android:versionName="1.0" >
6
7    <uses-sdk
8        android:minSdkVersion="16"
8-->src/main/AndroidManifest.xml
9        android:targetSdkVersion="30" />
9-->src/main/AndroidManifest.xml
10
11    <application
11-->src/main/AndroidManifest.xml:5:5-60:19
12        android:allowBackup="true"
12-->src/main/AndroidManifest.xml:6:9-35
13        android:appComponentFactory="androidx.core.app.CoreComponentFactory"
13-->[androidx.core:core:1.3.1] AndroidManifest.xml:24:18-86
14        android:debuggable="true"
15        android:icon="@mipmap/ic_launcher"
15-->src/main/AndroidManifest.xml:7:9-43
16        android:label="@string/app_name"
16-->src/main/AndroidManifest.xml:8:9-41
17        android:roundIcon="@mipmap/ic_launcher_round"
17-->src/main/AndroidManifest.xml:9:9-54
18        android:supportsRtl="true"
18-->src/main/AndroidManifest.xml:10:9-35
19        android:testOnly="true"
20        android:theme="@style/Theme.Mutex" >
20-->src/main/AndroidManifest.xml:11:9-43
21        <activity
21-->src/main/AndroidManifest.xml:12:9-18:57
22            android:name="com.example.mutex.ViewCredentialActivity"
22-->src/main/AndroidManifest.xml:13:13-51
23            android:label="View Credentials"
23-->src/main/AndroidManifest.xml:14:13-45
24            android:noHistory="true"
24-->src/main/AndroidManifest.xml:15:13-37
25            android:parentActivityName="com.example.mutex.MainActivity"
25-->src/main/AndroidManifest.xml:16:13-55
26            android:screenOrientation="portrait"
26-->src/main/AndroidManifest.xml:17:13-49
27            android:windowSoftInputMode="stateHidden" />
27-->src/main/AndroidManifest.xml:18:13-54
28        <activity
28-->src/main/AndroidManifest.xml:19:9-24:52
29            android:name="com.example.mutex.AddCredentialActivity"
29-->src/main/AndroidManifest.xml:20:13-50
30            android:label="Add Credentials"
30-->src/main/AndroidManifest.xml:21:13-44
31            android:noHistory="true"
31-->src/main/AndroidManifest.xml:22:13-37
32            android:parentActivityName="com.example.mutex.MainActivity"
32-->src/main/AndroidManifest.xml:23:13-55
33            android:screenOrientation="portrait" />
33-->src/main/AndroidManifest.xml:24:13-49
34        <activity
34-->src/main/AndroidManifest.xml:25:9-31:57
35            android:name="com.example.mutex.AccountSettingsActivity"
35-->src/main/AndroidManifest.xml:26:13-52
36            android:label="Account Settings"
36-->src/main/AndroidManifest.xml:27:13-45
37            android:noHistory="true"
37-->src/main/AndroidManifest.xml:28:13-37
38            android:parentActivityName="com.example.mutex.MainActivity"
38-->src/main/AndroidManifest.xml:29:13-55
39            android:screenOrientation="portrait"
39-->src/main/AndroidManifest.xml:30:13-49
40            android:windowSoftInputMode="stateHidden" />
40-->src/main/AndroidManifest.xml:31:13-54
41        <activity
41-->src/main/AndroidManifest.xml:32:9-37:52
42            android:name="com.example.mutex.AboutActivity"
42-->src/main/AndroidManifest.xml:33:13-42
43            android:label="About"
43-->src/main/AndroidManifest.xml:34:13-34
44            android:noHistory="true"
44-->src/main/AndroidManifest.xml:35:13-37
45            android:parentActivityName="com.example.mutex.MainActivity"
45-->src/main/AndroidManifest.xml:36:13-55
46            android:screenOrientation="portrait" />
46-->src/main/AndroidManifest.xml:37:13-49
47        <activity
47-->src/main/AndroidManifest.xml:38:9-40:52
48            android:name="com.example.mutex.MainActivity"
48-->src/main/AndroidManifest.xml:39:13-41
49            android:screenOrientation="portrait" />
49-->src/main/AndroidManifest.xml:40:13-49
50        <activity
50-->src/main/AndroidManifest.xml:41:9-43:52
51            android:name="com.example.mutex.LoginActivity"
51-->src/main/AndroidManifest.xml:42:13-42
52            android:screenOrientation="portrait" />
52-->src/main/AndroidManifest.xml:43:13-49
53        <activity
53-->src/main/AndroidManifest.xml:44:9-49:52
54            android:name="com.example.mutex.RegisterActivity"
54-->src/main/AndroidManifest.xml:45:13-45
55            android:label="Registration"
55-->src/main/AndroidManifest.xml:46:13-41
56            android:noHistory="true"
56-->src/main/AndroidManifest.xml:47:13-37
57            android:parentActivityName="com.example.mutex.LoginActivity"
57-->src/main/AndroidManifest.xml:48:13-56
58            android:screenOrientation="portrait" />
58-->src/main/AndroidManifest.xml:49:13-49
59        <activity
59-->src/main/AndroidManifest.xml:50:9-59:20
60            android:name="com.example.mutex.PinActivity"
60-->src/main/AndroidManifest.xml:51:13-40
61            android:noHistory="true"
61-->src/main/AndroidManifest.xml:52:13-37
62            android:screenOrientation="portrait" >
62-->src/main/AndroidManifest.xml:53:13-49
63            <intent-filter>
63-->src/main/AndroidManifest.xml:54:13-58:29
64                <action android:name="android.intent.action.MAIN" />
64-->src/main/AndroidManifest.xml:55:17-69
64-->src/main/AndroidManifest.xml:55:25-66
65
66                <category android:name="android.intent.category.LAUNCHER" />
66-->src/main/AndroidManifest.xml:57:17-77
66-->src/main/AndroidManifest.xml:57:27-74
67            </intent-filter>
68        </activity>
69    </application>
70
71</manifest>